<?xml version="1.0" encoding="UTF-8"?>
<!-- Generated by org.testng.reporters.JUnitXMLReporter -->
<testsuite ignored="0" hostname="DESKTOP-AGDJGKU" failures="0" tests="2" name="Default test" time="36.08" errors="0" timestamp="2023-04-26T21:05:09 CDT">
  <testcase classname="tests.YahooPageTest2" name="getAllTabDetailsOnTabItemByTextOnHomePageTest" time="8.504"/>
  <testcase classname="tests.YahooPageTest2" name="clickOnTabItemByTextOnHomePageTest" time="19.356"/>
</testsuite> <!-- Default test -->
